[INFO  - 2021-02-04T09:21:57.242Z] GhostDriver - Main - running on port 59854
[INFO  - 2021-02-04T09:22:01.649Z] Session [702ce730-66ca-11eb-b18c-1f1932b28a7f] - page.settings - {"XSSAuditingEnabled":false,"javascriptCanCloseWindows":true,"javascriptCanOpenWindows":true,"javascriptEnabled":true,"loadImages":true,"localToRemoteUrlAccessEnabled":false,"userAgent":"Mozilla/5.0 (Windows NT 10.0; Win64; x64) AppleWebKit/537.36 (KHTML, like Gecko) Chrome/60.0.3112.78 Safari/537.36","webSecurityEnabled":true}
[INFO  - 2021-02-04T09:22:01.650Z] Session [702ce730-66ca-11eb-b18c-1f1932b28a7f] - page.customHeaders:  - {}
[INFO  - 2021-02-04T09:22:01.650Z] Session [702ce730-66ca-11eb-b18c-1f1932b28a7f] - Session.negotiatedCapabilities - {"browserName":"phantomjs","version":"2.1.1","driverName":"ghostdriver","driverVersion":"1.2.0","platform":"windows-7-32bit","javascriptEnabled":true,"takesScreenshot":true,"handlesAlerts":false,"databaseEnabled":false,"locationContextEnabled":false,"applicationCacheEnabled":false,"browserConnectionEnabled":false,"cssSelectorsEnabled":true,"webStorageEnabled":false,"rotatable":false,"acceptSslCerts":false,"nativeEvents":true,"proxy":{"proxyType":"direct"},"phantomjs.page.settings.userAgent":"Mozilla/5.0 (Windows NT 10.0; Win64; x64) AppleWebKit/537.36 (KHTML, like Gecko) Chrome/60.0.3112.78 Safari/537.36"}
[INFO  - 2021-02-04T09:22:01.650Z] SessionManagerReqHand - _postNewSessionCommand - New Session Created: 702ce730-66ca-11eb-b18c-1f1932b28a7f
[ERROR - 2021-02-04T09:22:33.603Z] Session [702ce730-66ca-11eb-b18c-1f1932b28a7f] - page.onError - msg: ReferenceError: Can't find variable: HTMLVideoElement

  phantomjs://platform/console++.js:263 in error
[ERROR - 2021-02-04T09:22:33.603Z] Session [702ce730-66ca-11eb-b18c-1f1932b28a7f] - page.onError - stack:
  ../node_modules/react-leaflet/es/VideoOverlay.js (https://m.multigo.ru/assets/js/a-99fd3e8.js:1)
  t (https://m.multigo.ru/assets/js/v-817e9b4.js:1)
  ../node_modules/react-leaflet/es/index.js (https://m.multigo.ru/assets/js/a-99fd3e8.js:1)
  t (https://m.multigo.ru/assets/js/v-817e9b4.js:1)
  ./components/common/Map/map-wrapper.js (https://m.multigo.ru/assets/js/a-99fd3e8.js:1)
  t (https://m.multigo.ru/assets/js/v-817e9b4.js:1)
  ./containers/ByWay/index.js (https://m.multigo.ru/assets/js/a-99fd3e8.js:1)
  t (https://m.multigo.ru/assets/js/v-817e9b4.js:1)
  ./routes.js (https://m.multigo.ru/assets/js/a-99fd3e8.js:1)
  t (https://m.multigo.ru/assets/js/v-817e9b4.js:1)
  ./containers/App/index.js (https://m.multigo.ru/assets/js/a-99fd3e8.js:1)
  t (https://m.multigo.ru/assets/js/v-817e9b4.js:1)
  ./index.js (https://m.multigo.ru/assets/js/a-99fd3e8.js:1)
  t (https://m.multigo.ru/assets/js/v-817e9b4.js:1)
  (anonymous function) (https://m.multigo.ru/assets/js/a-99fd3e8.js:1)
  t (https://m.multigo.ru/assets/js/v-817e9b4.js:1)
  webpackJsonp (https://m.multigo.ru/assets/js/v-817e9b4.js:1)

  phantomjs://platform/console++.js:263 in error
